<?xml version="1.0" encoding="UTF-8"?>
<!-- Generated by org.testng.reporters.JUnitReportReporter -->
<testsuite hostname="ASTER" failures="0" tests="6" name="dynamicJson" time="2.668" errors="0" timestamp="2024-05-15T07:24:22 IST" skipped="0">
  <testcase classname="dynamicJson" name="staticJson" time="1.370"/>
  <testcase classname="dynamicJson" name="addBooks" time="0.169"/>
  <testcase classname="dynamicJson" name="addBooks" time="0.161"/>
  <testcase classname="dynamicJson" name="addBooks" time="0.200"/>
  <testcase classname="dynamicJson" name="addBooks" time="0.164"/>
  <testcase classname="dynamicJson" name="deleteAllBook" time="0.604"/>
</testsuite> <!-- dynamicJson -->
