<?xml version="1.0" encoding="UTF-8"?>
<!-- Generated by org.testng.reporters.JUnitReportReporter -->
<testsuite hostname="ASTER" failures="0" tests="1" name="sumValidation" time="0.898" errors="0" timestamp="2024-05-11T07:11:23 IST" skipped="0">
  <testcase classname="sumValidation" name="sumOfCourse" time="0.898"/>
</testsuite> <!-- sumValidation -->
